proguard-project.txt
# To enable ProGuard in your project, edit project.properties
# to define the proguard.config property as described in that file.
#
# Add project specific ProGuard rules here.
# By default, the flags in this file are appended to flags specified
# in ${sdk.dir}/tools/proguard/proguard-android.txt
# You can edit the include path and order by changing the ProGuard
# include property in project.properties.
#
# For more details, see
#   http://developer.android.com/guide/developing/tools/proguard.html

# Add any project specific keep options here:

# If your project uses WebView with JS, uncomment the following
# and specify the fully qualified class name to the JavaScript interface
# class:
#-keepclassmembers class fqcn.of.javascript.interface.for.webview {
#   public *;
#}
-dontwarn org.keysupport.nist80073.CardBlockedException
-dontwarn org.keysupport.nist80073.InvalidPinException
-dontwarn org.keysupport.nist80073.PIVCard
-dontwarn org.keysupport.nist80073.cardedge.PIVAPDU
-dontwarn org.keysupport.nist80073.cardedge.PIVAPDUInterface
-dontwarn org.keysupport.smartcardio.CardTerminal
-dontwarn org.keysupport.tests.CHUIDTest
-dontwarn org.keysupport.tests.GetCHUIDTimed
-dontwarn org.keysupport.tests.PIVReadTest
-dontwarn org.keysupport.tests.CAKTest
-dontwarn org.keysupport.tests.CertDownload
-dontwarn org.keysupport.tests.FASCNTest


-keep class org.keysupport.provider.** { *; }
-keep interface org.keysupport.provider.** { *; }
-keep enum  org.keysupport.provider.** { *; }
 
-keepclasseswithmembernames class * {
	native <methods>;
}
 