proguard/seeds.txt
com.idevity.card.read.Easter
com.idevity.card.read.Easter: Easter()
com.idevity.card.read.IdevityInfo
com.idevity.card.read.IdevityInfo: IdevityInfo()
com.idevity.card.read.Read80073
com.idevity.card.read.Read80073: Read80073()
com.idevity.card.read.ReadMain
com.idevity.card.read.ReadMain: ReadMain()
com.idevity.card.read.ReadPIN
com.idevity.card.read.ReadPIN: ReadPIN()
com.idevity.card.read.SettingsActivity
com.idevity.card.read.SettingsActivity: SettingsActivity()
com.idevity.card.read.SplashActivity
com.idevity.card.read.SplashActivity: SplashActivity()
...
android.support.v4.app.FragmentActivity: FragmentActivity()
android.support.v4.view.ViewPager
android.support.v4.view.ViewPager: ViewPager(android.content.Context)
android.support.v4.view.ViewPager: ViewPager(android.content.Context,android.util.AttributeSet)
org.keysupport.provider.ECDSASignature
org.keysupport.provider.ECDSASignature: int CURVE_P256
org.keysupport.provider.ECDSASignature: int CURVE_P384
org.keysupport.provider.ECDSASignature: long _ptr
org.keysupport.provider.ECDSASignature: java.security.interfaces.ECPublicKey pKey
org.keysupport.provider.ECDSASignature: java.io.ByteArrayOutputStream msg
org.keysupport.provider.ECDSASignature: int mdId
org.keysupport.provider.ECDSASignature: byte[] sig
org.keysupport.provider.ECDSASignature: long jniVerifyInit(int,byte[],byte[])
org.keysupport.provider.ECDSASignature: int jniVerifyFinal(byte[],int,byte[])
org.keysupport.provider.ECDSASignature: void jniDestroy()
org.keysupport.provider.ECDSASignature: ECDSASignature()
org.keysupport.provider.ECDSASignature: ECDSASignature(int)
org.keysupport.provider.ECDSASignature: java.lang.Object engineGetParameter(java.lang.String)
org.keysupport.provider.ECDSASignature: void engineInitSign(java.security.PrivateKey)
org.keysupport.provider.ECDSASignature: void engineInitVerify(java.security.PublicKey)
org.keysupport.provider.ECDSASignature: void engineSetParameter(java.lang.String,java.lang.Object)
org.keysupport.provider.ECDSASignature: byte[] engineSign()
org.keysupport.provider.ECDSASignature: void engineUpdate(byte)
org.keysupport.provider.ECDSASignature: void engineUpdate(byte[],int,int)
org.keysupport.provider.ECDSASignature: boolean engineVerify(byte[])
org.keysupport.provider.ECDSASignature: void finalize()
org.keysupport.provider.ECDSASignature$SHA256withECDSA
org.keysupport.provider.ECDSASignature$SHA256withECDSA: ECDSASignature$SHA256withECDSA()
org.keysupport.provider.ECDSASignature$SHA384withECDSA
org.keysupport.provider.ECDSASignature$SHA384withECDSA: ECDSASignature$SHA384withECDSA()
org.keysupport.provider.OpenSSLFIPSProvider
org.keysupport.provider.OpenSSLFIPSProvider: long serialVersionUID
org.keysupport.provider.OpenSSLFIPSProvider: void <clinit>()
org.keysupport.provider.OpenSSLFIPSProvider: void initProvider()
org.keysupport.provider.OpenSSLFIPSProvider: java.lang.String getOpenSSLVersion()
org.keysupport.provider.OpenSSLFIPSProvider: java.lang.String getOpenSSLCFlags()
org.keysupport.provider.OpenSSLFIPSProvider: java.lang.String getOpenSSLBuiltOn()
org.keysupport.provider.OpenSSLFIPSProvider: java.lang.String getOpenSSLPlatform()
org.keysupport.provider.OpenSSLFIPSProvider: java.lang.String getOpenSSLDir()
org.keysupport.provider.OpenSSLFIPSProvider: void getOpenSSLFIPSSig(byte[])
org.keysupport.provider.OpenSSLFIPSProvider: void getOpenSSLFIPSIncoreSig(byte[])
org.keysupport.provider.OpenSSLFIPSProvider: OpenSSLFIPSProvider()