proguard/mapping.txt
com.idevity.card.read.AppSectionsPagerAdapter -> com.idevity.card.read.a:
    com.idevity.card.read.Globals g -> a
    boolean showLog -> b
    android.support.v4.app.Fragment getItem(int) -> a
    int getCount() -> a
com.idevity.card.read.Easter -> com.idevity.card.read.Easter:
    java.lang.String TAG -> a
    void onCreate(android.os.Bundle) -> onCreate
    boolean onCreateOptionsMenu(android.view.Menu) -> onCreateOptionsMenu
    boolean onOptionsItemSelected(android.view.MenuItem) -> onOptionsItemSelected
com.idevity.card.read.Globals -> com.idevity.card.read.b:
    com.idevity.card.read.Globals instance -> a
    byte[] currentcarddata -> b
    java.lang.String currentlogdata -> c
    java.lang.String getShowLog() -> a
    java.lang.String getShowDebug() -> b
    java.lang.String getEnablePOP() -> c
    java.lang.String getDefaultEmail() -> d
    java.lang.String getCardData() -> e
    java.lang.String getReaderLog() -> f
    void putCard(byte[]) -> a
    void putLogData(java.lang.String) -> a
    java.lang.String getLogData() -> g
    byte[] getCard() -> h
    com.idevity.card.read.Globals getInstance() -> i
com.idevity.card.read.IdevityInfo -> com.idevity.card.read.IdevityInfo:
    void onCreate(android.os.Bundle) -> onCreate
    boolean onOptionsItemSelected(android.view.MenuItem) -> onOptionsItemSelected
com.idevity.card.read.Read80073 -> com.idevity.card.read.Read80073:
    java.lang.String TAG -> a
    com.idevity.card.read.Globals globals -> b
    android.widget.TextView timeoutlabel -> c
    android.widget.TextView timeouturl -> d
    android.widget.TextView spinnertext -> e
    android.widget.ProgressBar spinner -> f
    android.content.SharedPreferences sharedPref -> g
    android.nfc.NfcAdapter adapter -> h
    android.app.PendingIntent pendingIntent -> i
    android.content.IntentFilter[] filters -> j
    java.lang.String[][] techLists -> k
    com.idevity.card.reader.CardReader80073 card -> l
    com.idevity.card.data.CardData80073 carddata -> m
    java.lang.StringBuffer readerLog -> n
    boolean debug -> o
    boolean pop -> p
    long last_touch -> q
    int touch_seq -> r
    void onCreate(android.os.Bundle) -> onCreate
    void setupNFC() -> b
    void shutdownNFC() -> c
    void onResume() -> onResume
    void onPause() -> onPause
    void onDestroy() -> onDestroy
    void onNewIntent(android.content.Intent) -> onNewIntent
    void handleTag(android.content.Intent) -> a
    void handleTag(android.nfc.Tag) -> a
    void onClick(android.view.View) -> onClick
    boolean onCreateOptionsMenu(android.view.Menu) -> onCreateOptionsMenu
    boolean onOptionsItemSelected(android.view.MenuItem) -> onOptionsItemSelected
    boolean access$0(com.idevity.card.read.Read80073) -> a
    java.lang.String access$1() -> a
    void access$2(com.idevity.card.read.Read80073) -> b
com.idevity.card.read.Read80073$1 -> com.idevity.card.read.c:
    com.idevity.card.read.Read80073 this$0 -> a
    void onClick(android.view.View) -> onClick
com.idevity.card.read.Read80073$2 -> com.idevity.card.read.d:
    com.idevity.card.read.Read80073 this$0 -> a
    void run() -> run
    com.idevity.card.read.Read80073 access$0(com.idevity.card.read.Read80073$2) -> a
com.idevity.card.read.Read80073$2$1 -> com.idevity.card.read.e:
    com.idevity.card.read.Read80073$2 this$1 -> a
    void run() -> run
com.idevity.card.read.Read80073$3 -> com.idevity.card.read.f:
    com.idevity.card.read.Read80073 this$0 -> a
    void onTagDiscovered(android.nfc.Tag) -> onTagDiscovered
...
com.idevity.card.reader.CardReader80073$1 -> com.idevity.card.b.c:
    com.idevity.card.reader.CardReader80073 this$0 -> a
    void run() -> run
org.keysupport.asn1.ASN1Exception -> org.keysupport.a.a:
org.keysupport.asn1.ASN1Factory -> org.keysupport.a.b:
    java.util.Enumeration decodeASN1Object(byte[]) -> b
    org.keysupport.asn1.ASN1Object encodeASN1Object(org.keysupport.encoding.Tag,byte[]) -> b
org.keysupport.asn1.ASN1Object -> org.keysupport.a.c:
    org.keysupport.encoding.Tag tag -> a
    byte[] encoded_length -> b
    int length -> c
    byte[] value -> d
    byte[] TLV -> e
    byte[] getBytes() -> a
    org.keysupport.encoding.Tag getTag() -> b
    byte[] getValue() -> c
    boolean isA(org.keysupport.encoding.Tag) -> a
    void setValue(org.keysupport.asn1.ASN1Object) -> a
    java.lang.String toString() -> toString
org.keysupport.asn1.CON_SPEC -> org.keysupport.a.d:
    byte E_TAG_VALUE -> b
    byte TAG_VALUE -> c
    org.keysupport.encoding.Tag CON_SPEC -> a
    boolean isA(org.keysupport.encoding.Tag) -> a
org.keysupport.asn1.INTEGER -> org.keysupport.a.e:
    org.keysupport.encoding.Tag INTEGER -> a
    java.math.BigInteger getIntegerValue() -> d
    boolean isA(org.keysupport.encoding.Tag) -> a
org.keysupport.asn1.NULL -> org.keysupport.a.f:
    org.keysupport.encoding.Tag NULL -> a
    boolean isA(org.keysupport.encoding.Tag) -> a
org.keysupport.asn1.SEQUENCE -> org.keysupport.a.g:
    org.keysupport.encoding.Tag SEQUENCE -> a
    void addComponent(org.keysupport.asn1.ASN1Object) -> b
    boolean isA(org.keysupport.encoding.Tag) -> a
org.keysupport.asn1.SET -> org.keysupport.a.h:
    org.keysupport.encoding.Tag SET -> a
    boolean isA(org.keysupport.encoding.Tag) -> a
org.keysupport.encoding.TLV -> org.keysupport.b.a:
    org.keysupport.encoding.Tag tag -> a
    byte[] encoded_length -> b
    int length -> c
    byte[] value -> d
    byte[] TLV -> e
    byte[] getBytes() -> a
    byte[] getEncodedLength() -> b
    org.keysupport.encoding.Tag getTag() -> c
    byte[] getValue() -> d
    java.lang.String toString() -> toString
org.keysupport.encoding.TLVEncodingException -> org.keysupport.b.b:
org.keysupport.encoding.Tag -> org.keysupport.b.c:
    byte[] tag -> c
    byte tagType -> d
    byte tagClass -> e
    boolean constructed -> f
    byte[] PIV_CHUID -> a
    byte[] PIV_CERT_CARDAUTH -> b
    boolean equals(java.lang.Object) -> equals
    int hashCode() -> hashCode
    byte[] getBytes() -> a
    boolean isConstructed() -> b
    java.lang.String toString() -> toString
org.keysupport.encoding.der.CMSObjectIdentifiers -> org.keysupport.b.a.a:
    org.keysupport.encoding.der.ObjectIdentifier id_contentType -> a
    org.keysupport.encoding.der.ObjectIdentifier id_messageDigest -> b
org.keysupport.encoding.der.ObjectIdentifier -> org.keysupport.b.a.b:
    byte[] encoding -> a
    java.lang.String stringForm -> b
    boolean $assertionsDisabled -> c
    byte[] pack(byte[],int,int,int,int) -> a
    int pack7Oid(java.math.BigInteger,byte[],int) -> a
    int pack7Oid(byte[],int,int,byte[],int) -> a
    int pack7Oid(int,byte[],int) -> a
    boolean equals(java.lang.Object) -> equals
    byte[] getEncoded() -> a
    int hashCode() -> hashCode
    java.lang.String toString() -> toString
org.keysupport.encoding.der.structures.AlgorithmIdentifier -> org.keysupport.b.a.a.a:
    org.keysupport.asn1.SEQUENCE ai -> a
    org.keysupport.asn1.ASN1Object ident -> b
    org.keysupport.asn1.ASN1Object param -> c
    void decode() -> c
    org.keysupport.encoding.der.ObjectIdentifier getAlgOID() -> a
    org.keysupport.asn1.ASN1Object getASN1Object() -> b
    java.lang.String toString() -> toString