proguard/usage.txt
com.idevity.card.read.BuildConfig
com.idevity.card.read.Globals:
    public static final java.lang.String AGENCY_CODE
    public static final java.lang.String SYSTEM_CODE
    public static final java.lang.String CRED_NUMBER
    public static final java.lang.String PI
    public static final java.lang.String ORG_CATEGORY
    public static final java.lang.String ORG_ID
    public static final java.lang.String POA
    public static final java.lang.String EXPIRY_DATE
    public static final java.lang.String GUID
    public static final java.lang.String PROFILE_NAME
    public static final java.lang.String PROFILE_ID
    public static final java.lang.String PROFILE_FILENAME
    public static final java.lang.String BRUTE
    public static final java.lang.String CARDDATA
    public static final java.lang.String READERLOG
    public static final java.lang.String SHOWLOG
    public static final java.lang.String SHOWDEBUG
    public static final java.lang.String ENABLEPOP
    public static final java.lang.String DEFAULTEMAIL
    93:93:public java.lang.String getAgencyCodeString()
    102:102:public java.lang.String getSystemCodeString()
    111:111:public java.lang.String getCredNumberString()
    120:120:public java.lang.String getPersonIdString()
    129:129:public java.lang.String getOrgCatString()
    138:138:public java.lang.String getOrgIdString()
    147:147:public java.lang.String getPOAString()
    156:156:public java.lang.String getExpiryDateString()
    165:165:public java.lang.String getProfileNameString()
com.idevity.card.read.R
com.idevity.card.read.R$array
com.idevity.card.read.R$attr
com.idevity.card.read.R$color
com.idevity.card.read.R$dimen
com.idevity.card.read.R$drawable
com.idevity.card.read.R$id
com.idevity.card.read.R$layout
com.idevity.card.read.R$menu
com.idevity.card.read.R$raw
com.idevity.card.read.R$string
com.idevity.card.read.R$style
com.idevity.card.read.R$styleable
com.idevity.card.read.R$xml
com.idevity.card.read.ReadMain:
    private static final boolean debug
com.idevity.card.read.ReadPIN:
    static java.lang.Float amountDue
    static android.widget.TextView prompt
    static android.widget.TextView promptValue
    static android.widget.Button btn1
    static android.widget.Button btn2
    static android.widget.Button btn3
    static android.widget.Button btn4
    static android.widget.Button btn5
    static android.widget.Button btn6
    static android.widget.Button btn7
    static android.widget.Button btn8
    static android.widget.Button btn9
    static android.widget.Button btn0
    static android.widget.Button btnEnter
    static android.widget.Button btnBack
    private com.idevity.card.read.ReadPIN me
    49:49:public java.lang.String getValue()
    53:54:public void setAdditionalText(java.lang.String)
    58:195:public void show(android.app.Activity,java.lang.String,int,com.idevity.card.read.ReadPIN$numbPadInterface)
    198:204:void appendNumber(java.lang.String)
    36:36:static synthetic void access$0(com.idevity.card.read.ReadPIN,java.lang.String)
    38:38:static synthetic com.idevity.card.read.ReadPIN access$1(com.idevity.card.read.ReadPIN)
com.idevity.card.read.ReadPIN$1
com.idevity.card.read.ReadPIN$10
com.idevity.card.read.ReadPIN$11
com.idevity.card.read.ReadPIN$12
com.idevity.card.read.ReadPIN$13
com.idevity.card.read.ReadPIN$14
com.idevity.card.read.ReadPIN$15
com.idevity.card.read.ReadPIN$2
com.idevity.card.read.ReadPIN$3
com.idevity.card.read.ReadPIN$4
com.idevity.card.read.ReadPIN$5
com.idevity.card.read.ReadPIN$6
com.idevity.card.read.ReadPIN$7
com.idevity.card.read.ReadPIN$8
com.idevity.card.read.ReadPIN$9
com.idevity.card.read.ReadPIN$numbPadInterface
com.idevity.card.read.ShowCHUID:
    private static final boolean debug
com.idevity.card.read.ShowCert:
    private static final boolean debug
...
android.support.v4.print.PrintHelperKitkat$OnPrintFinishCallback
android.support.v4.provider.DocumentFile
android.support.v4.provider.DocumentsContractApi19
android.support.v4.provider.DocumentsContractApi21
android.support.v4.provider.RawDocumentFile
android.support.v4.provider.SingleDocumentFile
android.support.v4.provider.TreeDocumentFile
android.support.v4.speech.tts.TextToSpeechICS
android.support.v4.speech.tts.TextToSpeechICSMR1
android.support.v4.speech.tts.TextToSpeechICSMR1$1
android.support.v4.speech.tts.TextToSpeechICSMR1$2
android.support.v4.speech.tts.TextToSpeechICSMR1$UtteranceProgressListenerICSMR1
android.support.v4.text.BidiFormatter
android.support.v4.text.BidiFormatter$1
android.support.v4.text.BidiFormatter$Builder
android.support.v4.text.BidiFormatter$DirectionalityEstimator
android.support.v4.text.ICUCompat
android.support.v4.text.ICUCompat$ICUCompatImpl
android.support.v4.text.ICUCompat$ICUCompatImplBase
android.support.v4.text.ICUCompat$ICUCompatImplIcs
android.support.v4.text.ICUCompatIcs
android.support.v4.text.TextDirectionHeuristicCompat
android.support.v4.text.TextDirectionHeuristicsCompat
android.support.v4.text.TextDirectionHeuristicsCompat$1
android.support.v4.text.TextDirectionHeuristicsCompat$AnyStrong
android.support.v4.text.TextDirectionHeuristicsCompat$FirstStrong
android.support.v4.text.TextDirectionHeuristicsCompat$TextDirectionAlgorithm
android.support.v4.text.TextDirectionHeuristicsCompat$TextDirectionHeuristicImpl
android.support.v4.text.TextDirectionHeuristicsCompat$TextDirectionHeuristicInternal
android.support.v4.text.TextDirectionHeuristicsCompat$TextDirectionHeuristicLocale
android.support.v4.text.TextUtilsCompat
android.support.v4.util.ArrayMap:
    61:62:public ArrayMap(int)
    68:69:public ArrayMap(android.support.v4.util.SimpleArrayMap)
    130:130:public boolean containsAll(java.util.Collection)
    151:151:public boolean removeAll(java.util.Collection)
android.support.v4.util.AtomicFile
android.support.v4.util.CircularArray
android.support.v4.util.ContainerHelpers:
    19:19:ContainerHelpers()
    29:29:public static int idealLongArraySize(int)
    65:80:static int binarySearch(long[],int,long)
android.support.v4.util.DebugUtils:
    25:25:public DebugUtils()
android.support.v4.util.LongSparseArray
android.support.v4.util.LruCache
android.support.v4.util.Pair
android.support.v4.util.Pools
android.support.v4.util.Pools$Pool
android.support.v4.util.Pools$SimplePool
android.support.v4.util.Pools$SynchronizedPool
android.support.v4.util.SimpleArrayMap:
    private static final boolean DEBUG
    private static final java.lang.String TAG
    private static final int BASE_SIZE
    private static final int CACHE_SIZE
    217:225:public SimpleArrayMap(int)
    231:235:public SimpleArrayMap(android.support.v4.util.SimpleArrayMap)
    429:442:public void putAll(android.support.v4.util.SimpleArrayMap)
android.support.v4.util.SparseArrayCompat:
    76:76:public java.lang.Object get(int)
    85:90:public java.lang.Object get(int,java.lang.Object)
    98:106:public void delete(int)
    112:113:public void remove(int)
    119:123:public void removeAt(int)
    132:136:public void removeAtRange(int,int)
    172:216:public void put(int,java.lang.Object)
    263:268:public void setValueAt(int,java.lang.Object)
    276:280:public int indexOfKey(int)
    294:302:public int indexOfValue(java.lang.Object)
    325:352:public void append(int,java.lang.Object)
android.support.v4.util.TimeUtils
android.support.v4.view.AccessibilityDelegateCompatIcs:
    28:30:AccessibilityDelegateCompatIcs()
android.support.v4.view.AccessibilityDelegateCompatJellyBean:
    30:32:AccessibilityDelegateCompatJellyBean()
android.support.v4.view.ActionProvider
android.support.v4.view.ActionProvider$SubUiVisibilityListener
android.support.v4.view.ActionProvider$VisibilityListener
android.support.v4.view.GestureDetectorCompat
android.support.v4.view.GestureDetectorCompat$GestureDetectorCompatImpl